/!\ FAILSAFE /!\  Sun Nov 08 16:58:27 -0600 2009
  Status: 500 Internal Server Error
  Unknown database '519productions_test'
    C:/Ruby/lib/ruby/gems/1.8/gems/activerecord-2.3.2/lib/active_record/connection_adapters/mysql_adapter.rb:576:in `real_connect'
    C:/Ruby/lib/ruby/gems/1.8/gems/activerecord-2.3.2/lib/active_record/connection_adapters/mysql_adapter.rb:576:in `connect'
    C:/Ruby/lib/ruby/gems/1.8/gems/activerecord-2.3.2/lib/active_record/connection_adapters/mysql_adapter.rb:204:in `initialize'
    C:/Ruby/lib/ruby/gems/1.8/gems/activerecord-2.3.2/lib/active_record/connection_adapters/mysql_adapter.rb:76:in `new'
    C:/Ruby/lib/ruby/gems/1.8/gems/activerecord-2.3.2/lib/active_record/connection_adapters/mysql_adapter.rb:76:in `mysql_connection'
    C:/Ruby/lib/ruby/gems/1.8/gems/activerecord-2.3.2/lib/active_record/connection_adapters/abstract/connection_pool.rb:223:in `send'
    C:/Ruby/lib/ruby/gems/1.8/gems/activerecord-2.3.2/lib/active_record/connection_adapters/abstract/connection_pool.rb:223:in `new_connection'
    C:/Ruby/lib/ruby/gems/1.8/gems/activerecord-2.3.2/lib/active_record/connection_adapters/abstract/connection_pool.rb:245:in `checkout_new_connection'
    C:/Ruby/lib/ruby/gems/1.8/gems/activerecord-2.3.2/lib/active_record/connection_adapters/abstract/connection_pool.rb:188:in `checkout'
    C:/Ruby/lib/ruby/gems/1.8/gems/activerecord-2.3.2/lib/active_record/connection_adapters/abstract/connection_pool.rb:184:in `loop'
    C:/Ruby/lib/ruby/gems/1.8/gems/activerecord-2.3.2/lib/active_record/connection_adapters/abstract/connection_pool.rb:184:in `checkout'
    C:/Ruby/lib/ruby/1.8/monitor.rb:242:in `synchronize'
    C:/Ruby/lib/ruby/gems/1.8/gems/activerecord-2.3.2/lib/active_record/connection_adapters/abstract/connection_pool.rb:183:in `checkout'
    C:/Ruby/lib/ruby/gems/1.8/gems/activerecord-2.3.2/lib/active_record/connection_adapters/abstract/connection_pool.rb:98:in `connection'
    C:/Ruby/lib/ruby/gems/1.8/gems/activerecord-2.3.2/lib/active_record/connection_adapters/abstract/connection_pool.rb:326:in `retrieve_connection'
    C:/Ruby/lib/ruby/gems/1.8/gems/activerecord-2.3.2/lib/active_record/connection_adapters/abstract/connection_specification.rb:123:in `retrieve_connection'
    C:/Ruby/lib/ruby/gems/1.8/gems/activerecord-2.3.2/lib/active_record/connection_adapters/abstract/connection_specification.rb:115:in `connection'
    C:/Ruby/lib/ruby/gems/1.8/gems/activerecord-2.3.2/lib/active_record/query_cache.rb:9:in `cache'
    C:/Ruby/lib/ruby/gems/1.8/gems/activerecord-2.3.2/lib/active_record/query_cache.rb:28:in `call'
    C:/Ruby/lib/ruby/gems/1.8/gems/activerecord-2.3.2/lib/active_record/connection_adapters/abstract/connection_pool.rb:361:in `call'
    C:/Ruby/lib/ruby/gems/1.8/gems/rack-1.0.0/lib/rack/head.rb:9:in `call'
    C:/Ruby/lib/ruby/gems/1.8/gems/rack-1.0.0/lib/rack/methodoverride.rb:24:in `call'
    C:/Ruby/lib/ruby/gems/1.8/gems/actionpack-2.3.2/lib/action_controller/params_parser.rb:15:in `call'
    C:/Ruby/lib/ruby/gems/1.8/gems/actionpack-2.3.2/lib/action_controller/rewindable_input.rb:25:in `call'
    C:/Ruby/lib/ruby/gems/1.8/gems/actionpack-2.3.2/lib/action_controller/session/cookie_store.rb:93:in `call'
    C:/Ruby/lib/ruby/gems/1.8/gems/actionpack-2.3.2/lib/action_controller/reloader.rb:9:in `call'
    C:/Ruby/lib/ruby/gems/1.8/gems/actionpack-2.3.2/lib/action_controller/failsafe.rb:11:in `call'
    C:/Ruby/lib/ruby/gems/1.8/gems/rack-1.0.0/lib/rack/lock.rb:11:in `call'
    C:/Ruby/lib/ruby/gems/1.8/gems/rack-1.0.0/lib/rack/lock.rb:11:in `synchronize'
    C:/Ruby/lib/ruby/gems/1.8/gems/rack-1.0.0/lib/rack/lock.rb:11:in `call'
    C:/Ruby/lib/ruby/gems/1.8/gems/actionpack-2.3.2/lib/action_controller/dispatcher.rb:106:in `call'
    C:/Ruby/lib/ruby/gems/1.8/gems/rails-2.3.2/lib/rails/rack/static.rb:31:in `call'
    C:/Ruby/lib/ruby/gems/1.8/gems/rack-1.0.0/lib/rack/urlmap.rb:46:in `call'
    C:/Ruby/lib/ruby/gems/1.8/gems/rack-1.0.0/lib/rack/urlmap.rb:40:in `each'
    C:/Ruby/lib/ruby/gems/1.8/gems/rack-1.0.0/lib/rack/urlmap.rb:40:in `call'
    C:/Ruby/lib/ruby/gems/1.8/gems/rails-2.3.2/lib/rails/rack/log_tailer.rb:17:in `call'
    C:/Ruby/lib/ruby/gems/1.8/gems/rack-1.0.0/lib/rack/content_length.rb:13:in `call'
    C:/Ruby/lib/ruby/gems/1.8/gems/rack-1.0.0/lib/rack/chunked.rb:15:in `call'
    C:/Ruby/lib/ruby/gems/1.8/gems/rack-1.0.0/lib/rack/handler/mongrel.rb:61:in `process'
    C:/Ruby/lib/ruby/gems/1.8/gems/mongrel-1.1.5-x86-mswin32-60/lib/mongrel.rb:159:in `process_client'
    C:/Ruby/lib/ruby/gems/1.8/gems/mongrel-1.1.5-x86-mswin32-60/lib/mongrel.rb:158:in `each'
    C:/Ruby/lib/ruby/gems/1.8/gems/mongrel-1.1.5-x86-mswin32-60/lib/mongrel.rb:158:in `process_client'
    C:/Ruby/lib/ruby/gems/1.8/gems/mongrel-1.1.5-x86-mswin32-60/lib/mongrel.rb:285:in `run'
    C:/Ruby/lib/ruby/gems/1.8/gems/mongrel-1.1.5-x86-mswin32-60/lib/mongrel.rb:285:in `initialize'
    C:/Ruby/lib/ruby/gems/1.8/gems/mongrel-1.1.5-x86-mswin32-60/lib/mongrel.rb:285:in `new'
    C:/Ruby/lib/ruby/gems/1.8/gems/mongrel-1.1.5-x86-mswin32-60/lib/mongrel.rb:285:in `run'
    C:/Ruby/lib/ruby/gems/1.8/gems/mongrel-1.1.5-x86-mswin32-60/lib/mongrel.rb:268:in `initialize'
    C:/Ruby/lib/ruby/gems/1.8/gems/mongrel-1.1.5-x86-mswin32-60/lib/mongrel.rb:268:in `new'
    C:/Ruby/lib/ruby/gems/1.8/gems/mongrel-1.1.5-x86-mswin32-60/lib/mongrel.rb:268:in `run'
    C:/Ruby/lib/ruby/gems/1.8/gems/rack-1.0.0/lib/rack/handler/mongrel.rb:34:in `run'
    C:/Ruby/lib/ruby/gems/1.8/gems/rails-2.3.2/lib/commands/server.rb:111
    C:/Ruby/lib/ruby/site_ruby/1.8/rubygems/custom_require.rb:31:in `gem_original_require'
    C:/Ruby/lib/ruby/site_ruby/1.8/rubygems/custom_require.rb:31:in `require'
    script/server:3
/!\ FAILSAFE /!\  Sun Nov 08 16:58:35 -0600 2009
  Status: 500 Internal Server Error
  Unknown database '519productions_test'
    C:/Ruby/lib/ruby/gems/1.8/gems/activerecord-2.3.2/lib/active_record/connection_adapters/mysql_adapter.rb:576:in `real_connect'
    C:/Ruby/lib/ruby/gems/1.8/gems/activerecord-2.3.2/lib/active_record/connection_adapters/mysql_adapter.rb:576:in `connect'
    C:/Ruby/lib/ruby/gems/1.8/gems/activerecord-2.3.2/lib/active_record/connection_adapters/mysql_adapter.rb:204:in `initialize'
    C:/Ruby/lib/ruby/gems/1.8/gems/activerecord-2.3.2/lib/active_record/connection_adapters/mysql_adapter.rb:76:in `new'
    C:/Ruby/lib/ruby/gems/1.8/gems/activerecord-2.3.2/lib/active_record/connection_adapters/mysql_adapter.rb:76:in `mysql_connection'
    C:/Ruby/lib/ruby/gems/1.8/gems/activerecord-2.3.2/lib/active_record/connection_adapters/abstract/connection_pool.rb:223:in `send'
    C:/Ruby/lib/ruby/gems/1.8/gems/activerecord-2.3.2/lib/active_record/connection_adapters/abstract/connection_pool.rb:223:in `new_connection'
    C:/Ruby/lib/ruby/gems/1.8/gems/activerecord-2.3.2/lib/active_record/connection_adapters/abstract/connection_pool.rb:245:in `checkout_new_connection'
    C:/Ruby/lib/ruby/gems/1.8/gems/activerecord-2.3.2/lib/active_record/connection_adapters/abstract/connection_pool.rb:188:in `checkout'
    C:/Ruby/lib/ruby/gems/1.8/gems/activerecord-2.3.2/lib/active_record/connection_adapters/abstract/connection_pool.rb:184:in `loop'
    C:/Ruby/lib/ruby/gems/1.8/gems/activerecord-2.3.2/lib/active_record/connection_adapters/abstract/connection_pool.rb:184:in `checkout'
    C:/Ruby/lib/ruby/1.8/monitor.rb:242:in `synchronize'
    C:/Ruby/lib/ruby/gems/1.8/gems/activerecord-2.3.2/lib/active_record/connection_adapters/abstract/connection_pool.rb:183:in `checkout'
    C:/Ruby/lib/ruby/gems/1.8/gems/activerecord-2.3.2/lib/active_record/connection_adapters/abstract/connection_pool.rb:98:in `connection'
    C:/Ruby/lib/ruby/gems/1.8/gems/activerecord-2.3.2/lib/active_record/connection_adapters/abstract/connection_pool.rb:326:in `retrieve_connection'
    C:/Ruby/lib/ruby/gems/1.8/gems/activerecord-2.3.2/lib/active_record/connection_adapters/abstract/connection_specification.rb:123:in `retrieve_connection'
    C:/Ruby/lib/ruby/gems/1.8/gems/activerecord-2.3.2/lib/active_record/connection_adapters/abstract/connection_specification.rb:115:in `connection'
    C:/Ruby/lib/ruby/gems/1.8/gems/activerecord-2.3.2/lib/active_record/query_cache.rb:9:in `cache'
    C:/Ruby/lib/ruby/gems/1.8/gems/activerecord-2.3.2/lib/active_record/query_cache.rb:28:in `call'
    C:/Ruby/lib/ruby/gems/1.8/gems/activerecord-2.3.2/lib/active_record/connection_adapters/abstract/connection_pool.rb:361:in `call'
    C:/Ruby/lib/ruby/gems/1.8/gems/rack-1.0.0/lib/rack/head.rb:9:in `call'
    C:/Ruby/lib/ruby/gems/1.8/gems/rack-1.0.0/lib/rack/methodoverride.rb:24:in `call'
    C:/Ruby/lib/ruby/gems/1.8/gems/actionpack-2.3.2/lib/action_controller/params_parser.rb:15:in `call'
    C:/Ruby/lib/ruby/gems/1.8/gems/actionpack-2.3.2/lib/action_controller/rewindable_input.rb:25:in `call'
    C:/Ruby/lib/ruby/gems/1.8/gems/actionpack-2.3.2/lib/action_controller/session/cookie_store.rb:93:in `call'
    C:/Ruby/lib/ruby/gems/1.8/gems/actionpack-2.3.2/lib/action_controller/reloader.rb:9:in `call'
    C:/Ruby/lib/ruby/gems/1.8/gems/actionpack-2.3.2/lib/action_controller/failsafe.rb:11:in `call'
    C:/Ruby/lib/ruby/gems/1.8/gems/rack-1.0.0/lib/rack/lock.rb:11:in `call'
    C:/Ruby/lib/ruby/gems/1.8/gems/rack-1.0.0/lib/rack/lock.rb:11:in `synchronize'
    C:/Ruby/lib/ruby/gems/1.8/gems/rack-1.0.0/lib/rack/lock.rb:11:in `call'
    C:/Ruby/lib/ruby/gems/1.8/gems/actionpack-2.3.2/lib/action_controller/dispatcher.rb:106:in `call'
    C:/Ruby/lib/ruby/gems/1.8/gems/rails-2.3.2/lib/rails/rack/static.rb:31:in `call'
    C:/Ruby/lib/ruby/gems/1.8/gems/rack-1.0.0/lib/rack/urlmap.rb:46:in `call'
    C:/Ruby/lib/ruby/gems/1.8/gems/rack-1.0.0/lib/rack/urlmap.rb:40:in `each'
    C:/Ruby/lib/ruby/gems/1.8/gems/rack-1.0.0/lib/rack/urlmap.rb:40:in `call'
    C:/Ruby/lib/ruby/gems/1.8/gems/rails-2.3.2/lib/rails/rack/log_tailer.rb:17:in `call'
    C:/Ruby/lib/ruby/gems/1.8/gems/rack-1.0.0/lib/rack/content_length.rb:13:in `call'
    C:/Ruby/lib/ruby/gems/1.8/gems/rack-1.0.0/lib/rack/chunked.rb:15:in `call'
    C:/Ruby/lib/ruby/gems/1.8/gems/rack-1.0.0/lib/rack/handler/mongrel.rb:61:in `process'
    C:/Ruby/lib/ruby/gems/1.8/gems/mongrel-1.1.5-x86-mswin32-60/lib/mongrel.rb:159:in `process_client'
    C:/Ruby/lib/ruby/gems/1.8/gems/mongrel-1.1.5-x86-mswin32-60/lib/mongrel.rb:158:in `each'
    C:/Ruby/lib/ruby/gems/1.8/gems/mongrel-1.1.5-x86-mswin32-60/lib/mongrel.rb:158:in `process_client'
    C:/Ruby/lib/ruby/gems/1.8/gems/mongrel-1.1.5-x86-mswin32-60/lib/mongrel.rb:285:in `run'
    C:/Ruby/lib/ruby/gems/1.8/gems/mongrel-1.1.5-x86-mswin32-60/lib/mongrel.rb:285:in `initialize'
    C:/Ruby/lib/ruby/gems/1.8/gems/mongrel-1.1.5-x86-mswin32-60/lib/mongrel.rb:285:in `new'
    C:/Ruby/lib/ruby/gems/1.8/gems/mongrel-1.1.5-x86-mswin32-60/lib/mongrel.rb:285:in `run'
    C:/Ruby/lib/ruby/gems/1.8/gems/mongrel-1.1.5-x86-mswin32-60/lib/mongrel.rb:268:in `initialize'
    C:/Ruby/lib/ruby/gems/1.8/gems/mongrel-1.1.5-x86-mswin32-60/lib/mongrel.rb:268:in `new'
    C:/Ruby/lib/ruby/gems/1.8/gems/mongrel-1.1.5-x86-mswin32-60/lib/mongrel.rb:268:in `run'
    C:/Ruby/lib/ruby/gems/1.8/gems/rack-1.0.0/lib/rack/handler/mongrel.rb:34:in `run'
    C:/Ruby/lib/ruby/gems/1.8/gems/rails-2.3.2/lib/commands/server.rb:111
    C:/Ruby/lib/ruby/site_ruby/1.8/rubygems/custom_require.rb:31:in `gem_original_require'
    C:/Ruby/lib/ruby/site_ruby/1.8/rubygems/custom_require.rb:31:in `require'
    script/server:3
/!\ FAILSAFE /!\  Sun Nov 08 19:18:17 -0600 2009
  Status: 500 Internal Server Error
  Unknown database '519productions_test'
    C:/Ruby/lib/ruby/gems/1.8/gems/activerecord-2.3.2/lib/active_record/connection_adapters/mysql_adapter.rb:576:in `real_connect'
    C:/Ruby/lib/ruby/gems/1.8/gems/activerecord-2.3.2/lib/active_record/connection_adapters/mysql_adapter.rb:576:in `connect'
    C:/Ruby/lib/ruby/gems/1.8/gems/activerecord-2.3.2/lib/active_record/connection_adapters/mysql_adapter.rb:204:in `initialize'
    C:/Ruby/lib/ruby/gems/1.8/gems/activerecord-2.3.2/lib/active_record/connection_adapters/mysql_adapter.rb:76:in `new'
    C:/Ruby/lib/ruby/gems/1.8/gems/activerecord-2.3.2/lib/active_record/connection_adapters/mysql_adapter.rb:76:in `mysql_connection'
    C:/Ruby/lib/ruby/gems/1.8/gems/activerecord-2.3.2/lib/active_record/connection_adapters/abstract/connection_pool.rb:223:in `send'
    C:/Ruby/lib/ruby/gems/1.8/gems/activerecord-2.3.2/lib/active_record/connection_adapters/abstract/connection_pool.rb:223:in `new_connection'
    C:/Ruby/lib/ruby/gems/1.8/gems/activerecord-2.3.2/lib/active_record/connection_adapters/abstract/connection_pool.rb:245:in `checkout_new_connection'
    C:/Ruby/lib/ruby/gems/1.8/gems/activerecord-2.3.2/lib/active_record/connection_adapters/abstract/connection_pool.rb:188:in `checkout'
    C:/Ruby/lib/ruby/gems/1.8/gems/activerecord-2.3.2/lib/active_record/connection_adapters/abstract/connection_pool.rb:184:in `loop'
    C:/Ruby/lib/ruby/gems/1.8/gems/activerecord-2.3.2/lib/active_record/connection_adapters/abstract/connection_pool.rb:184:in `checkout'
    C:/Ruby/lib/ruby/1.8/monitor.rb:242:in `synchronize'
    C:/Ruby/lib/ruby/gems/1.8/gems/activerecord-2.3.2/lib/active_record/connection_adapters/abstract/connection_pool.rb:183:in `checkout'
    C:/Ruby/lib/ruby/gems/1.8/gems/activerecord-2.3.2/lib/active_record/connection_adapters/abstract/connection_pool.rb:98:in `connection'
    C:/Ruby/lib/ruby/gems/1.8/gems/activerecord-2.3.2/lib/active_record/connection_adapters/abstract/connection_pool.rb:326:in `retrieve_connection'
    C:/Ruby/lib/ruby/gems/1.8/gems/activerecord-2.3.2/lib/active_record/connection_adapters/abstract/connection_specification.rb:123:in `retrieve_connection'
    C:/Ruby/lib/ruby/gems/1.8/gems/activerecord-2.3.2/lib/active_record/connection_adapters/abstract/connection_specification.rb:115:in `connection'
    C:/Ruby/lib/ruby/gems/1.8/gems/activerecord-2.3.2/lib/active_record/query_cache.rb:9:in `cache'
    C:/Ruby/lib/ruby/gems/1.8/gems/activerecord-2.3.2/lib/active_record/query_cache.rb:28:in `call'
    C:/Ruby/lib/ruby/gems/1.8/gems/activerecord-2.3.2/lib/active_record/connection_adapters/abstract/connection_pool.rb:361:in `call'
    C:/Ruby/lib/ruby/gems/1.8/gems/rack-1.0.0/lib/rack/head.rb:9:in `call'
    C:/Ruby/lib/ruby/gems/1.8/gems/rack-1.0.0/lib/rack/methodoverride.rb:24:in `call'
    C:/Ruby/lib/ruby/gems/1.8/gems/actionpack-2.3.2/lib/action_controller/params_parser.rb:15:in `call'
    C:/Ruby/lib/ruby/gems/1.8/gems/actionpack-2.3.2/lib/action_controller/rewindable_input.rb:25:in `call'
    C:/Ruby/lib/ruby/gems/1.8/gems/actionpack-2.3.2/lib/action_controller/session/cookie_store.rb:93:in `call'
    C:/Ruby/lib/ruby/gems/1.8/gems/actionpack-2.3.2/lib/action_controller/reloader.rb:9:in `call'
    C:/Ruby/lib/ruby/gems/1.8/gems/actionpack-2.3.2/lib/action_controller/failsafe.rb:11:in `call'
    C:/Ruby/lib/ruby/gems/1.8/gems/rack-1.0.0/lib/rack/lock.rb:11:in `call'
    C:/Ruby/lib/ruby/gems/1.8/gems/rack-1.0.0/lib/rack/lock.rb:11:in `synchronize'
    C:/Ruby/lib/ruby/gems/1.8/gems/rack-1.0.0/lib/rack/lock.rb:11:in `call'
    C:/Ruby/lib/ruby/gems/1.8/gems/actionpack-2.3.2/lib/action_controller/dispatcher.rb:106:in `call'
    C:/Ruby/lib/ruby/gems/1.8/gems/rails-2.3.2/lib/rails/rack/static.rb:31:in `call'
    C:/Ruby/lib/ruby/gems/1.8/gems/rack-1.0.0/lib/rack/urlmap.rb:46:in `call'
    C:/Ruby/lib/ruby/gems/1.8/gems/rack-1.0.0/lib/rack/urlmap.rb:40:in `each'
    C:/Ruby/lib/ruby/gems/1.8/gems/rack-1.0.0/lib/rack/urlmap.rb:40:in `call'
    C:/Ruby/lib/ruby/gems/1.8/gems/rails-2.3.2/lib/rails/rack/log_tailer.rb:17:in `call'
    C:/Ruby/lib/ruby/gems/1.8/gems/rack-1.0.0/lib/rack/content_length.rb:13:in `call'
    C:/Ruby/lib/ruby/gems/1.8/gems/rack-1.0.0/lib/rack/chunked.rb:15:in `call'
    C:/Ruby/lib/ruby/gems/1.8/gems/rack-1.0.0/lib/rack/handler/mongrel.rb:61:in `process'
    C:/Ruby/lib/ruby/gems/1.8/gems/mongrel-1.1.5-x86-mswin32-60/lib/mongrel.rb:159:in `process_client'
    C:/Ruby/lib/ruby/gems/1.8/gems/mongrel-1.1.5-x86-mswin32-60/lib/mongrel.rb:158:in `each'
    C:/Ruby/lib/ruby/gems/1.8/gems/mongrel-1.1.5-x86-mswin32-60/lib/mongrel.rb:158:in `process_client'
    C:/Ruby/lib/ruby/gems/1.8/gems/mongrel-1.1.5-x86-mswin32-60/lib/mongrel.rb:285:in `run'
    C:/Ruby/lib/ruby/gems/1.8/gems/mongrel-1.1.5-x86-mswin32-60/lib/mongrel.rb:285:in `initialize'
    C:/Ruby/lib/ruby/gems/1.8/gems/mongrel-1.1.5-x86-mswin32-60/lib/mongrel.rb:285:in `new'
    C:/Ruby/lib/ruby/gems/1.8/gems/mongrel-1.1.5-x86-mswin32-60/lib/mongrel.rb:285:in `run'
    C:/Ruby/lib/ruby/gems/1.8/gems/mongrel-1.1.5-x86-mswin32-60/lib/mongrel.rb:268:in `initialize'
    C:/Ruby/lib/ruby/gems/1.8/gems/mongrel-1.1.5-x86-mswin32-60/lib/mongrel.rb:268:in `new'
    C:/Ruby/lib/ruby/gems/1.8/gems/mongrel-1.1.5-x86-mswin32-60/lib/mongrel.rb:268:in `run'
    C:/Ruby/lib/ruby/gems/1.8/gems/rack-1.0.0/lib/rack/handler/mongrel.rb:34:in `run'
    C:/Ruby/lib/ruby/gems/1.8/gems/rails-2.3.2/lib/commands/server.rb:111
    C:/Ruby/lib/ruby/site_ruby/1.8/rubygems/custom_require.rb:31:in `gem_original_require'
    C:/Ruby/lib/ruby/site_ruby/1.8/rubygems/custom_require.rb:31:in `require'
    script/server:3
/!\ FAILSAFE /!\  Sun Nov 08 19:18:21 -0600 2009
  Status: 500 Internal Server Error
  Unknown database '519productions_test'
    C:/Ruby/lib/ruby/gems/1.8/gems/activerecord-2.3.2/lib/active_record/connection_adapters/mysql_adapter.rb:576:in `real_connect'
    C:/Ruby/lib/ruby/gems/1.8/gems/activerecord-2.3.2/lib/active_record/connection_adapters/mysql_adapter.rb:576:in `connect'
    C:/Ruby/lib/ruby/gems/1.8/gems/activerecord-2.3.2/lib/active_record/connection_adapters/mysql_adapter.rb:204:in `initialize'
    C:/Ruby/lib/ruby/gems/1.8/gems/activerecord-2.3.2/lib/active_record/connection_adapters/mysql_adapter.rb:76:in `new'
    C:/Ruby/lib/ruby/gems/1.8/gems/activerecord-2.3.2/lib/active_record/connection_adapters/mysql_adapter.rb:76:in `mysql_connection'
    C:/Ruby/lib/ruby/gems/1.8/gems/activerecord-2.3.2/lib/active_record/connection_adapters/abstract/connection_pool.rb:223:in `send'
    C:/Ruby/lib/ruby/gems/1.8/gems/activerecord-2.3.2/lib/active_record/connection_adapters/abstract/connection_pool.rb:223:in `new_connection'
    C:/Ruby/lib/ruby/gems/1.8/gems/activerecord-2.3.2/lib/active_record/connection_adapters/abstract/connection_pool.rb:245:in `checkout_new_connection'
    C:/Ruby/lib/ruby/gems/1.8/gems/activerecord-2.3.2/lib/active_record/connection_adapters/abstract/connection_pool.rb:188:in `checkout'
    C:/Ruby/lib/ruby/gems/1.8/gems/activerecord-2.3.2/lib/active_record/connection_adapters/abstract/connection_pool.rb:184:in `loop'
    C:/Ruby/lib/ruby/gems/1.8/gems/activerecord-2.3.2/lib/active_record/connection_adapters/abstract/connection_pool.rb:184:in `checkout'
    C:/Ruby/lib/ruby/1.8/monitor.rb:242:in `synchronize'
    C:/Ruby/lib/ruby/gems/1.8/gems/activerecord-2.3.2/lib/active_record/connection_adapters/abstract/connection_pool.rb:183:in `checkout'
    C:/Ruby/lib/ruby/gems/1.8/gems/activerecord-2.3.2/lib/active_record/connection_adapters/abstract/connection_pool.rb:98:in `connection'
    C:/Ruby/lib/ruby/gems/1.8/gems/activerecord-2.3.2/lib/active_record/connection_adapters/abstract/connection_pool.rb:326:in `retrieve_connection'
    C:/Ruby/lib/ruby/gems/1.8/gems/activerecord-2.3.2/lib/active_record/connection_adapters/abstract/connection_specification.rb:123:in `retrieve_connection'
    C:/Ruby/lib/ruby/gems/1.8/gems/activerecord-2.3.2/lib/active_record/connection_adapters/abstract/connection_specification.rb:115:in `connection'
    C:/Ruby/lib/ruby/gems/1.8/gems/activerecord-2.3.2/lib/active_record/query_cache.rb:9:in `cache'
    C:/Ruby/lib/ruby/gems/1.8/gems/activerecord-2.3.2/lib/active_record/query_cache.rb:28:in `call'
    C:/Ruby/lib/ruby/gems/1.8/gems/activerecord-2.3.2/lib/active_record/connection_adapters/abstract/connection_pool.rb:361:in `call'
    C:/Ruby/lib/ruby/gems/1.8/gems/rack-1.0.0/lib/rack/head.rb:9:in `call'
    C:/Ruby/lib/ruby/gems/1.8/gems/rack-1.0.0/lib/rack/methodoverride.rb:24:in `call'
    C:/Ruby/lib/ruby/gems/1.8/gems/actionpack-2.3.2/lib/action_controller/params_parser.rb:15:in `call'
    C:/Ruby/lib/ruby/gems/1.8/gems/actionpack-2.3.2/lib/action_controller/rewindable_input.rb:25:in `call'
    C:/Ruby/lib/ruby/gems/1.8/gems/actionpack-2.3.2/lib/action_controller/session/cookie_store.rb:93:in `call'
    C:/Ruby/lib/ruby/gems/1.8/gems/actionpack-2.3.2/lib/action_controller/reloader.rb:9:in `call'
    C:/Ruby/lib/ruby/gems/1.8/gems/actionpack-2.3.2/lib/action_controller/failsafe.rb:11:in `call'
    C:/Ruby/lib/ruby/gems/1.8/gems/rack-1.0.0/lib/rack/lock.rb:11:in `call'
    C:/Ruby/lib/ruby/gems/1.8/gems/rack-1.0.0/lib/rack/lock.rb:11:in `synchronize'
    C:/Ruby/lib/ruby/gems/1.8/gems/rack-1.0.0/lib/rack/lock.rb:11:in `call'
    C:/Ruby/lib/ruby/gems/1.8/gems/actionpack-2.3.2/lib/action_controller/dispatcher.rb:106:in `call'
    C:/Ruby/lib/ruby/gems/1.8/gems/rails-2.3.2/lib/rails/rack/static.rb:31:in `call'
    C:/Ruby/lib/ruby/gems/1.8/gems/rack-1.0.0/lib/rack/urlmap.rb:46:in `call'
    C:/Ruby/lib/ruby/gems/1.8/gems/rack-1.0.0/lib/rack/urlmap.rb:40:in `each'
    C:/Ruby/lib/ruby/gems/1.8/gems/rack-1.0.0/lib/rack/urlmap.rb:40:in `call'
    C:/Ruby/lib/ruby/gems/1.8/gems/rails-2.3.2/lib/rails/rack/log_tailer.rb:17:in `call'
    C:/Ruby/lib/ruby/gems/1.8/gems/rack-1.0.0/lib/rack/content_length.rb:13:in `call'
    C:/Ruby/lib/ruby/gems/1.8/gems/rack-1.0.0/lib/rack/chunked.rb:15:in `call'
    C:/Ruby/lib/ruby/gems/1.8/gems/rack-1.0.0/lib/rack/handler/mongrel.rb:61:in `process'
    C:/Ruby/lib/ruby/gems/1.8/gems/mongrel-1.1.5-x86-mswin32-60/lib/mongrel.rb:159:in `process_client'
    C:/Ruby/lib/ruby/gems/1.8/gems/mongrel-1.1.5-x86-mswin32-60/lib/mongrel.rb:158:in `each'
    C:/Ruby/lib/ruby/gems/1.8/gems/mongrel-1.1.5-x86-mswin32-60/lib/mongrel.rb:158:in `process_client'
    C:/Ruby/lib/ruby/gems/1.8/gems/mongrel-1.1.5-x86-mswin32-60/lib/mongrel.rb:285:in `run'
    C:/Ruby/lib/ruby/gems/1.8/gems/mongrel-1.1.5-x86-mswin32-60/lib/mongrel.rb:285:in `initialize'
    C:/Ruby/lib/ruby/gems/1.8/gems/mongrel-1.1.5-x86-mswin32-60/lib/mongrel.rb:285:in `new'
    C:/Ruby/lib/ruby/gems/1.8/gems/mongrel-1.1.5-x86-mswin32-60/lib/mongrel.rb:285:in `run'
    C:/Ruby/lib/ruby/gems/1.8/gems/mongrel-1.1.5-x86-mswin32-60/lib/mongrel.rb:268:in `initialize'
    C:/Ruby/lib/ruby/gems/1.8/gems/mongrel-1.1.5-x86-mswin32-60/lib/mongrel.rb:268:in `new'
    C:/Ruby/lib/ruby/gems/1.8/gems/mongrel-1.1.5-x86-mswin32-60/lib/mongrel.rb:268:in `run'
    C:/Ruby/lib/ruby/gems/1.8/gems/rack-1.0.0/lib/rack/handler/mongrel.rb:34:in `run'
    C:/Ruby/lib/ruby/gems/1.8/gems/rails-2.3.2/lib/commands/server.rb:111
    C:/Ruby/lib/ruby/site_ruby/1.8/rubygems/custom_require.rb:31:in `gem_original_require'
    C:/Ruby/lib/ruby/site_ruby/1.8/rubygems/custom_require.rb:31:in `require'
    script/server:3
/!\ FAILSAFE /!\  Sun Nov 08 19:19:49 -0600 2009
  Status: 500 Internal Server Error
  Unknown database '519productions_test'
    C:/Ruby/lib/ruby/gems/1.8/gems/activerecord-2.3.2/lib/active_record/connection_adapters/mysql_adapter.rb:576:in `real_connect'
    C:/Ruby/lib/ruby/gems/1.8/gems/activerecord-2.3.2/lib/active_record/connection_adapters/mysql_adapter.rb:576:in `connect'
    C:/Ruby/lib/ruby/gems/1.8/gems/activerecord-2.3.2/lib/active_record/connection_adapters/mysql_adapter.rb:204:in `initialize'
    C:/Ruby/lib/ruby/gems/1.8/gems/activerecord-2.3.2/lib/active_record/connection_adapters/mysql_adapter.rb:76:in `new'
    C:/Ruby/lib/ruby/gems/1.8/gems/activerecord-2.3.2/lib/active_record/connection_adapters/mysql_adapter.rb:76:in `mysql_connection'
    C:/Ruby/lib/ruby/gems/1.8/gems/activerecord-2.3.2/lib/active_record/connection_adapters/abstract/connection_pool.rb:223:in `send'
    C:/Ruby/lib/ruby/gems/1.8/gems/activerecord-2.3.2/lib/active_record/connection_adapters/abstract/connection_pool.rb:223:in `new_connection'
    C:/Ruby/lib/ruby/gems/1.8/gems/activerecord-2.3.2/lib/active_record/connection_adapters/abstract/connection_pool.rb:245:in `checkout_new_connection'
    C:/Ruby/lib/ruby/gems/1.8/gems/activerecord-2.3.2/lib/active_record/connection_adapters/abstract/connection_pool.rb:188:in `checkout'
    C:/Ruby/lib/ruby/gems/1.8/gems/activerecord-2.3.2/lib/active_record/connection_adapters/abstract/connection_pool.rb:184:in `loop'
    C:/Ruby/lib/ruby/gems/1.8/gems/activerecord-2.3.2/lib/active_record/connection_adapters/abstract/connection_pool.rb:184:in `checkout'
    C:/Ruby/lib/ruby/1.8/monitor.rb:242:in `synchronize'
    C:/Ruby/lib/ruby/gems/1.8/gems/activerecord-2.3.2/lib/active_record/connection_adapters/abstract/connection_pool.rb:183:in `checkout'
    C:/Ruby/lib/ruby/gems/1.8/gems/activerecord-2.3.2/lib/active_record/connection_adapters/abstract/connection_pool.rb:98:in `connection'
    C:/Ruby/lib/ruby/gems/1.8/gems/activerecord-2.3.2/lib/active_record/connection_adapters/abstract/connection_pool.rb:326:in `retrieve_connection'
    C:/Ruby/lib/ruby/gems/1.8/gems/activerecord-2.3.2/lib/active_record/connection_adapters/abstract/connection_specification.rb:123:in `retrieve_connection'
    C:/Ruby/lib/ruby/gems/1.8/gems/activerecord-2.3.2/lib/active_record/connection_adapters/abstract/connection_specification.rb:115:in `connection'
    C:/Ruby/lib/ruby/gems/1.8/gems/activerecord-2.3.2/lib/active_record/query_cache.rb:9:in `cache'
    C:/Ruby/lib/ruby/gems/1.8/gems/activerecord-2.3.2/lib/active_record/query_cache.rb:28:in `call'
    C:/Ruby/lib/ruby/gems/1.8/gems/activerecord-2.3.2/lib/active_record/connection_adapters/abstract/connection_pool.rb:361:in `call'
    C:/Ruby/lib/ruby/gems/1.8/gems/rack-1.0.0/lib/rack/head.rb:9:in `call'
    C:/Ruby/lib/ruby/gems/1.8/gems/rack-1.0.0/lib/rack/methodoverride.rb:24:in `call'
    C:/Ruby/lib/ruby/gems/1.8/gems/actionpack-2.3.2/lib/action_controller/params_parser.rb:15:in `call'
    C:/Ruby/lib/ruby/gems/1.8/gems/actionpack-2.3.2/lib/action_controller/rewindable_input.rb:25:in `call'
    C:/Ruby/lib/ruby/gems/1.8/gems/actionpack-2.3.2/lib/action_controller/session/cookie_store.rb:93:in `call'
    C:/Ruby/lib/ruby/gems/1.8/gems/actionpack-2.3.2/lib/action_controller/reloader.rb:9:in `call'
    C:/Ruby/lib/ruby/gems/1.8/gems/actionpack-2.3.2/lib/action_controller/failsafe.rb:11:in `call'
    C:/Ruby/lib/ruby/gems/1.8/gems/rack-1.0.0/lib/rack/lock.rb:11:in `call'
    C:/Ruby/lib/ruby/gems/1.8/gems/rack-1.0.0/lib/rack/lock.rb:11:in `synchronize'
    C:/Ruby/lib/ruby/gems/1.8/gems/rack-1.0.0/lib/rack/lock.rb:11:in `call'
    C:/Ruby/lib/ruby/gems/1.8/gems/actionpack-2.3.2/lib/action_controller/dispatcher.rb:106:in `call'
    C:/Ruby/lib/ruby/gems/1.8/gems/rails-2.3.2/lib/rails/rack/static.rb:31:in `call'
    C:/Ruby/lib/ruby/gems/1.8/gems/rack-1.0.0/lib/rack/urlmap.rb:46:in `call'
    C:/Ruby/lib/ruby/gems/1.8/gems/rack-1.0.0/lib/rack/urlmap.rb:40:in `each'
    C:/Ruby/lib/ruby/gems/1.8/gems/rack-1.0.0/lib/rack/urlmap.rb:40:in `call'
    C:/Ruby/lib/ruby/gems/1.8/gems/rails-2.3.2/lib/rails/rack/log_tailer.rb:17:in `call'
    C:/Ruby/lib/ruby/gems/1.8/gems/rack-1.0.0/lib/rack/content_length.rb:13:in `call'
    C:/Ruby/lib/ruby/gems/1.8/gems/rack-1.0.0/lib/rack/chunked.rb:15:in `call'
    C:/Ruby/lib/ruby/gems/1.8/gems/rack-1.0.0/lib/rack/handler/mongrel.rb:61:in `process'
    C:/Ruby/lib/ruby/gems/1.8/gems/mongrel-1.1.5-x86-mswin32-60/lib/mongrel.rb:159:in `process_client'
    C:/Ruby/lib/ruby/gems/1.8/gems/mongrel-1.1.5-x86-mswin32-60/lib/mongrel.rb:158:in `each'
    C:/Ruby/lib/ruby/gems/1.8/gems/mongrel-1.1.5-x86-mswin32-60/lib/mongrel.rb:158:in `process_client'
    C:/Ruby/lib/ruby/gems/1.8/gems/mongrel-1.1.5-x86-mswin32-60/lib/mongrel.rb:285:in `run'
    C:/Ruby/lib/ruby/gems/1.8/gems/mongrel-1.1.5-x86-mswin32-60/lib/mongrel.rb:285:in `initialize'
    C:/Ruby/lib/ruby/gems/1.8/gems/mongrel-1.1.5-x86-mswin32-60/lib/mongrel.rb:285:in `new'
    C:/Ruby/lib/ruby/gems/1.8/gems/mongrel-1.1.5-x86-mswin32-60/lib/mongrel.rb:285:in `run'
    C:/Ruby/lib/ruby/gems/1.8/gems/mongrel-1.1.5-x86-mswin32-60/lib/mongrel.rb:268:in `initialize'
    C:/Ruby/lib/ruby/gems/1.8/gems/mongrel-1.1.5-x86-mswin32-60/lib/mongrel.rb:268:in `new'
    C:/Ruby/lib/ruby/gems/1.8/gems/mongrel-1.1.5-x86-mswin32-60/lib/mongrel.rb:268:in `run'
    C:/Ruby/lib/ruby/gems/1.8/gems/rack-1.0.0/lib/rack/handler/mongrel.rb:34:in `run'
    C:/Ruby/lib/ruby/gems/1.8/gems/rails-2.3.2/lib/commands/server.rb:111
    C:/Ruby/lib/ruby/site_ruby/1.8/rubygems/custom_require.rb:31:in `gem_original_require'
    C:/Ruby/lib/ruby/site_ruby/1.8/rubygems/custom_require.rb:31:in `require'
    script/server:3
/!\ FAILSAFE /!\  Sun Nov 08 19:19:51 -0600 2009
  Status: 500 Internal Server Error
  Unknown database '519productions_test'
    C:/Ruby/lib/ruby/gems/1.8/gems/activerecord-2.3.2/lib/active_record/connection_adapters/mysql_adapter.rb:576:in `real_connect'
    C:/Ruby/lib/ruby/gems/1.8/gems/activerecord-2.3.2/lib/active_record/connection_adapters/mysql_adapter.rb:576:in `connect'
    C:/Ruby/lib/ruby/gems/1.8/gems/activerecord-2.3.2/lib/active_record/connection_adapters/mysql_adapter.rb:204:in `initialize'
    C:/Ruby/lib/ruby/gems/1.8/gems/activerecord-2.3.2/lib/active_record/connection_adapters/mysql_adapter.rb:76:in `new'
    C:/Ruby/lib/ruby/gems/1.8/gems/activerecord-2.3.2/lib/active_record/connection_adapters/mysql_adapter.rb:76:in `mysql_connection'
    C:/Ruby/lib/ruby/gems/1.8/gems/activerecord-2.3.2/lib/active_record/connection_adapters/abstract/connection_pool.rb:223:in `send'
    C:/Ruby/lib/ruby/gems/1.8/gems/activerecord-2.3.2/lib/active_record/connection_adapters/abstract/connection_pool.rb:223:in `new_connection'
    C:/Ruby/lib/ruby/gems/1.8/gems/activerecord-2.3.2/lib/active_record/connection_adapters/abstract/connection_pool.rb:245:in `checkout_new_connection'
    C:/Ruby/lib/ruby/gems/1.8/gems/activerecord-2.3.2/lib/active_record/connection_adapters/abstract/connection_pool.rb:188:in `checkout'
    C:/Ruby/lib/ruby/gems/1.8/gems/activerecord-2.3.2/lib/active_record/connection_adapters/abstract/connection_pool.rb:184:in `loop'
    C:/Ruby/lib/ruby/gems/1.8/gems/activerecord-2.3.2/lib/active_record/connection_adapters/abstract/connection_pool.rb:184:in `checkout'
    C:/Ruby/lib/ruby/1.8/monitor.rb:242:in `synchronize'
    C:/Ruby/lib/ruby/gems/1.8/gems/activerecord-2.3.2/lib/active_record/connection_adapters/abstract/connection_pool.rb:183:in `checkout'
    C:/Ruby/lib/ruby/gems/1.8/gems/activerecord-2.3.2/lib/active_record/connection_adapters/abstract/connection_pool.rb:98:in `connection'
    C:/Ruby/lib/ruby/gems/1.8/gems/activerecord-2.3.2/lib/active_record/connection_adapters/abstract/connection_pool.rb:326:in `retrieve_connection'
    C:/Ruby/lib/ruby/gems/1.8/gems/activerecord-2.3.2/lib/active_record/connection_adapters/abstract/connection_specification.rb:123:in `retrieve_connection'
    C:/Ruby/lib/ruby/gems/1.8/gems/activerecord-2.3.2/lib/active_record/connection_adapters/abstract/connection_specification.rb:115:in `connection'
    C:/Ruby/lib/ruby/gems/1.8/gems/activerecord-2.3.2/lib/active_record/query_cache.rb:9:in `cache'
    C:/Ruby/lib/ruby/gems/1.8/gems/activerecord-2.3.2/lib/active_record/query_cache.rb:28:in `call'
    C:/Ruby/lib/ruby/gems/1.8/gems/activerecord-2.3.2/lib/active_record/connection_adapters/abstract/connection_pool.rb:361:in `call'
    C:/Ruby/lib/ruby/gems/1.8/gems/rack-1.0.0/lib/rack/head.rb:9:in `call'
    C:/Ruby/lib/ruby/gems/1.8/gems/rack-1.0.0/lib/rack/methodoverride.rb:24:in `call'
    C:/Ruby/lib/ruby/gems/1.8/gems/actionpack-2.3.2/lib/action_controller/params_parser.rb:15:in `call'
    C:/Ruby/lib/ruby/gems/1.8/gems/actionpack-2.3.2/lib/action_controller/rewindable_input.rb:25:in `call'
    C:/Ruby/lib/ruby/gems/1.8/gems/actionpack-2.3.2/lib/action_controller/session/cookie_store.rb:93:in `call'
    C:/Ruby/lib/ruby/gems/1.8/gems/actionpack-2.3.2/lib/action_controller/reloader.rb:9:in `call'
    C:/Ruby/lib/ruby/gems/1.8/gems/actionpack-2.3.2/lib/action_controller/failsafe.rb:11:in `call'
    C:/Ruby/lib/ruby/gems/1.8/gems/rack-1.0.0/lib/rack/lock.rb:11:in `call'
    C:/Ruby/lib/ruby/gems/1.8/gems/rack-1.0.0/lib/rack/lock.rb:11:in `synchronize'
    C:/Ruby/lib/ruby/gems/1.8/gems/rack-1.0.0/lib/rack/lock.rb:11:in `call'
    C:/Ruby/lib/ruby/gems/1.8/gems/actionpack-2.3.2/lib/action_controller/dispatcher.rb:106:in `call'
    C:/Ruby/lib/ruby/gems/1.8/gems/rails-2.3.2/lib/rails/rack/static.rb:31:in `call'
    C:/Ruby/lib/ruby/gems/1.8/gems/rack-1.0.0/lib/rack/urlmap.rb:46:in `call'
    C:/Ruby/lib/ruby/gems/1.8/gems/rack-1.0.0/lib/rack/urlmap.rb:40:in `each'
    C:/Ruby/lib/ruby/gems/1.8/gems/rack-1.0.0/lib/rack/urlmap.rb:40:in `call'
    C:/Ruby/lib/ruby/gems/1.8/gems/rails-2.3.2/lib/rails/rack/log_tailer.rb:17:in `call'
    C:/Ruby/lib/ruby/gems/1.8/gems/rack-1.0.0/lib/rack/content_length.rb:13:in `call'
    C:/Ruby/lib/ruby/gems/1.8/gems/rack-1.0.0/lib/rack/chunked.rb:15:in `call'
    C:/Ruby/lib/ruby/gems/1.8/gems/rack-1.0.0/lib/rack/handler/mongrel.rb:61:in `process'
    C:/Ruby/lib/ruby/gems/1.8/gems/mongrel-1.1.5-x86-mswin32-60/lib/mongrel.rb:159:in `process_client'
    C:/Ruby/lib/ruby/gems/1.8/gems/mongrel-1.1.5-x86-mswin32-60/lib/mongrel.rb:158:in `each'
    C:/Ruby/lib/ruby/gems/1.8/gems/mongrel-1.1.5-x86-mswin32-60/lib/mongrel.rb:158:in `process_client'
    C:/Ruby/lib/ruby/gems/1.8/gems/mongrel-1.1.5-x86-mswin32-60/lib/mongrel.rb:285:in `run'
    C:/Ruby/lib/ruby/gems/1.8/gems/mongrel-1.1.5-x86-mswin32-60/lib/mongrel.rb:285:in `initialize'
    C:/Ruby/lib/ruby/gems/1.8/gems/mongrel-1.1.5-x86-mswin32-60/lib/mongrel.rb:285:in `new'
    C:/Ruby/lib/ruby/gems/1.8/gems/mongrel-1.1.5-x86-mswin32-60/lib/mongrel.rb:285:in `run'
    C:/Ruby/lib/ruby/gems/1.8/gems/mongrel-1.1.5-x86-mswin32-60/lib/mongrel.rb:268:in `initialize'
    C:/Ruby/lib/ruby/gems/1.8/gems/mongrel-1.1.5-x86-mswin32-60/lib/mongrel.rb:268:in `new'
    C:/Ruby/lib/ruby/gems/1.8/gems/mongrel-1.1.5-x86-mswin32-60/lib/mongrel.rb:268:in `run'
    C:/Ruby/lib/ruby/gems/1.8/gems/rack-1.0.0/lib/rack/handler/mongrel.rb:34:in `run'
    C:/Ruby/lib/ruby/gems/1.8/gems/rails-2.3.2/lib/commands/server.rb:111
    C:/Ruby/lib/ruby/site_ruby/1.8/rubygems/custom_require.rb:31:in `gem_original_require'
    C:/Ruby/lib/ruby/site_ruby/1.8/rubygems/custom_require.rb:31:in `require'
    script/server:3


Processing ApplicationController#index (for 127.0.0.1 at 2009-11-08 19:20:22) [GET]

ActionController::RoutingError (No route matches "/" with {:method=>:get}):
  

Rendering rescues/layout (not_found)


Processing ApplicationController#index (for 127.0.0.1 at 2009-11-08 19:20:51) [GET]

ActionController::RoutingError (No route matches "/" with {:method=>:get}):
  

Rendering rescues/layout (not_found)


Processing ApplicationController#index (for 127.0.0.1 at 2009-11-08 19:20:58) [GET]

ActionController::RoutingError (No route matches "/" with {:method=>:get}):
  

Rendering rescues/layout (not_found)


Processing ApplicationController#index (for 127.0.0.1 at 2009-11-08 19:20:59) [GET]

ActionController::RoutingError (No route matches "/" with {:method=>:get}):
  

Rendering rescues/layout (not_found)


Processing WelcomeController#index (for 127.0.0.1 at 2009-11-08 19:23:56) [GET]
Rendering welcome/index

ActionView::TemplateError (undefined method `stylesheet_include_tag' for #<ActionView::Base:0x5752b14>) on line #6 of app/views/welcome/index.html.erb:
3: <head>
4: <meta http-equiv="Content-Type" content="text/html; charset=utf-8" />
5: <title>519 Productions</title>
6: <%= stylesheet_include_tag 'main.css' %>
7: </head>
8: 
9: <body>

    app/views/welcome/index.html.erb:6

Rendered rescues/_trace (60.0ms)
Rendered rescues/_request_and_response (2.0ms)
Rendering rescues/layout (internal_server_error)


Processing WelcomeController#index (for 127.0.0.1 at 2009-11-08 19:24:41) [GET]
Rendering welcome/index
Completed in 11ms (View: 9, DB: 0) | 200 OK [http://localhost/]


Processing ApplicationController#index (for 127.0.0.1 at 2009-11-08 19:24:41) [GET]

ActionController::RoutingError (No route matches "/stylesheets/images/website_0026_Background.png" with {:method=>:get}):
  

Rendering rescues/layout (not_found)


Processing WelcomeController#index (for 127.0.0.1 at 2009-11-08 19:24:56) [GET]
Rendering welcome/index
Completed in 3ms (View: 2, DB: 0) | 200 OK [http://localhost/]


Processing ApplicationController#index (for 127.0.0.1 at 2009-11-08 19:24:56) [GET]

ActionController::RoutingError (No route matches "/stylesheets/images/website_0026_Background.png" with {:method=>:get}):
  

Rendering rescues/layout (not_found)


Processing WelcomeController#index (for 127.0.0.1 at 2009-11-08 19:27:06) [GET]
Rendering welcome/index
Completed in 9ms (View: 8, DB: 0) | 200 OK [http://localhost/]


Processing ApplicationController#index (for 127.0.0.1 at 2009-11-08 19:27:06) [GET]

ActionController::RoutingError (No route matches "/stylesheets/images/website_0026_Background.png" with {:method=>:get}):
  

Rendering rescues/layout (not_found)


Processing WelcomeController#index (for 127.0.0.1 at 2009-11-08 19:27:57) [GET]
Rendering welcome/index
Completed in 10ms (View: 9, DB: 0) | 200 OK [http://localhost/]


Processing ApplicationController#index (for 127.0.0.1 at 2009-11-08 19:27:57) [GET]

ActionController::RoutingError (No route matches "/stylesheets/images/website_0026_Background.png" with {:method=>:get}):
  

Rendering rescues/layout (not_found)


Processing WelcomeController#index (for 127.0.0.1 at 2009-11-08 19:28:41) [GET]
Rendering welcome/index
Completed in 3ms (View: 1, DB: 0) | 200 OK [http://localhost/]


Processing WelcomeController#index (for 127.0.0.1 at 2009-11-08 19:31:09) [GET]
Rendering welcome/index
Completed in 10ms (View: 8, DB: 0) | 200 OK [http://localhost/]


Processing WelcomeController#index (for 127.0.0.1 at 2009-11-08 19:32:39) [GET]
Rendering welcome/index
Completed in 4ms (View: 2, DB: 0) | 200 OK [http://localhost/]


Processing WelcomeController#index (for 127.0.0.1 at 2009-11-08 19:37:54) [GET]
Rendering welcome/index
Completed in 10ms (View: 9, DB: 0) | 200 OK [http://localhost/]


Processing WelcomeController#index (for 127.0.0.1 at 2009-11-08 19:51:27) [GET]
Rendering welcome/index
Completed in 10ms (View: 8, DB: 0) | 200 OK [http://localhost/]


Processing WelcomeController#index (for 127.0.0.1 at 2009-11-08 19:59:28) [GET]
Rendering welcome/index
Completed in 11ms (View: 10, DB: 0) | 200 OK [http://localhost/]


Processing WelcomeController#index (for 127.0.0.1 at 2009-11-08 20:01:09) [GET]
Rendering welcome/index
Completed in 11ms (View: 10, DB: 0) | 200 OK [http://localhost/]


Processing WelcomeController#index (for 127.0.0.1 at 2009-11-08 20:01:49) [GET]
Rendering welcome/index
Completed in 5ms (View: 3, DB: 0) | 200 OK [http://localhost/]


Processing WelcomeController#index (for 127.0.0.1 at 2009-11-08 20:13:11) [GET]
Rendering welcome/index
Completed in 6ms (View: 4, DB: 0) | 200 OK [http://localhost/]


Processing WelcomeController#index (for 127.0.0.1 at 2009-11-08 20:13:28) [GET]
Rendering welcome/index
Completed in 5ms (View: 4, DB: 0) | 200 OK [http://localhost/]


Processing WelcomeController#index (for 127.0.0.1 at 2009-11-08 20:13:53) [GET]
Rendering welcome/index
Completed in 7ms (View: 6, DB: 0) | 200 OK [http://localhost/]


Processing WelcomeController#index (for 127.0.0.1 at 2009-11-08 20:14:09) [GET]
Rendering welcome/index
Completed in 7ms (View: 5, DB: 0) | 200 OK [http://localhost/]


Processing WelcomeController#index (for 127.0.0.1 at 2009-11-08 20:14:22) [GET]
Rendering welcome/index
Completed in 6ms (View: 4, DB: 0) | 200 OK [http://localhost/]


Processing WelcomeController#index (for 127.0.0.1 at 2009-11-08 20:14:33) [GET]
Rendering welcome/index
Completed in 6ms (View: 4, DB: 0) | 200 OK [http://localhost/]


Processing WelcomeController#index (for 127.0.0.1 at 2009-11-08 20:14:35) [GET]
Rendering welcome/index
Completed in 7ms (View: 5, DB: 0) | 200 OK [http://localhost/]


Processing WelcomeController#index (for 127.0.0.1 at 2009-11-08 20:14:43) [GET]
Rendering welcome/index
Completed in 5ms (View: 3, DB: 0) | 200 OK [http://localhost/]


Processing WelcomeController#index (for 127.0.0.1 at 2009-11-08 20:14:59) [GET]
Rendering welcome/index
Completed in 5ms (View: 3, DB: 0) | 200 OK [http://localhost/]


Processing WelcomeController#index (for 127.0.0.1 at 2009-11-08 20:16:38) [GET]
Rendering welcome/index
Completed in 14ms (View: 12, DB: 0) | 200 OK [http://localhost/]


Processing WelcomeController#index (for 127.0.0.1 at 2009-11-08 20:18:00) [GET]
Rendering welcome/index
Completed in 6ms (View: 4, DB: 0) | 200 OK [http://localhost/]


Processing WelcomeController#index (for 127.0.0.1 at 2009-11-08 20:19:29) [GET]
Rendering welcome/index
Completed in 12ms (View: 11, DB: 0) | 200 OK [http://localhost/]


Processing WelcomeController#index (for 127.0.0.1 at 2009-11-08 20:19:51) [GET]
Rendering welcome/index
Completed in 8ms (View: 6, DB: 0) | 200 OK [http://localhost/]


Processing WelcomeController#index (for 127.0.0.1 at 2009-11-08 20:20:09) [GET]
Rendering welcome/index
Completed in 10ms (View: 8, DB: 0) | 200 OK [http://localhost/]


Processing WelcomeController#index (for 127.0.0.1 at 2009-11-08 20:20:44) [GET]
Rendering welcome/index
Completed in 6ms (View: 5, DB: 0) | 200 OK [http://localhost/]


Processing WelcomeController#index (for 127.0.0.1 at 2009-11-08 20:21:35) [GET]
Rendering welcome/index
Completed in 7ms (View: 5, DB: 0) | 200 OK [http://localhost/]


Processing WelcomeController#index (for 127.0.0.1 at 2009-11-08 20:23:30) [GET]
Rendering welcome/index
Completed in 12ms (View: 11, DB: 0) | 200 OK [http://localhost/]


Processing WelcomeController#index (for 127.0.0.1 at 2009-11-08 20:23:47) [GET]
Rendering welcome/index
Completed in 10ms (View: 8, DB: 0) | 200 OK [http://localhost/]


Processing WelcomeController#index (for 127.0.0.1 at 2009-11-08 20:24:49) [GET]
Rendering welcome/index
Completed in 11ms (View: 9, DB: 0) | 200 OK [http://localhost/]


Processing WelcomeController#index (for 127.0.0.1 at 2009-11-08 20:26:44) [GET]
Rendering welcome/index
Completed in 14ms (View: 12, DB: 0) | 200 OK [http://localhost/]


Processing WelcomeController#index (for 127.0.0.1 at 2009-11-08 20:27:07) [GET]
Rendering welcome/index
Completed in 8ms (View: 6, DB: 0) | 200 OK [http://localhost/]


Processing WelcomeController#index (for 127.0.0.1 at 2009-11-08 20:27:40) [GET]
Rendering welcome/index
Completed in 7ms (View: 5, DB: 0) | 200 OK [http://localhost/]


Processing WelcomeController#index (for 127.0.0.1 at 2009-11-08 20:28:08) [GET]
Rendering welcome/index
Completed in 6ms (View: 5, DB: 0) | 200 OK [http://localhost/]


Processing WelcomeController#index (for 127.0.0.1 at 2009-11-08 20:28:15) [GET]
Rendering welcome/index
Completed in 10ms (View: 8, DB: 0) | 200 OK [http://localhost/]


Processing WelcomeController#index (for 127.0.0.1 at 2009-11-08 20:28:33) [GET]
Rendering welcome/index
Completed in 8ms (View: 6, DB: 0) | 200 OK [http://localhost/]


Processing WelcomeController#index (for 127.0.0.1 at 2009-11-08 20:28:48) [GET]
Rendering welcome/index
Completed in 7ms (View: 5, DB: 0) | 200 OK [http://localhost/]


Processing WelcomeController#index (for 127.0.0.1 at 2009-11-08 20:32:17) [GET]
Rendering welcome/index
Completed in 16ms (View: 12, DB: 0) | 200 OK [http://localhost/]


Processing ApplicationController#index (for 127.0.0.1 at 2009-11-08 20:32:17) [GET]

ActionController::RoutingError (No route matches "/images/side_line_logo.png" with {:method=>:get}):
  

Rendering rescues/layout (not_found)


Processing WelcomeController#index (for 127.0.0.1 at 2009-11-08 20:32:40) [GET]
Rendering welcome/index
Completed in 14ms (View: 13, DB: 0) | 200 OK [http://localhost/]


Processing WelcomeController#index (for 127.0.0.1 at 2009-11-08 20:33:19) [GET]
Rendering welcome/index
Completed in 9ms (View: 7, DB: 0) | 200 OK [http://localhost/]


Processing WelcomeController#index (for 127.0.0.1 at 2009-11-08 20:33:34) [GET]
Rendering welcome/index
Completed in 8ms (View: 7, DB: 0) | 200 OK [http://localhost/]


Processing WelcomeController#index (for 127.0.0.1 at 2009-11-08 20:33:56) [GET]
Rendering welcome/index
Completed in 9ms (View: 7, DB: 0) | 200 OK [http://localhost/]


Processing WelcomeController#index (for 127.0.0.1 at 2009-11-08 21:23:26) [GET]
Rendering welcome/index
Completed in 14ms (View: 12, DB: 0) | 200 OK [http://localhost/]


Processing WelcomeController#index (for 127.0.0.1 at 2009-11-08 21:28:34) [GET]
Rendering welcome/index
Completed in 8ms (View: 5, DB: 0) | 200 OK [http://localhost/]


Processing WelcomeController#index (for 127.0.0.1 at 2009-11-08 21:28:40) [GET]
Rendering welcome/index
Completed in 8ms (View: 5, DB: 0) | 200 OK [http://localhost/]


Processing WelcomeController#index (for 127.0.0.1 at 2009-11-08 21:29:17) [GET]
Rendering welcome/index
Completed in 14ms (View: 13, DB: 0) | 200 OK [http://localhost/]


Processing WelcomeController#index (for 127.0.0.1 at 2009-11-08 21:31:22) [GET]
Rendering welcome/index
Completed in 8ms (View: 6, DB: 0) | 200 OK [http://localhost/]


Processing WelcomeController#index (for 127.0.0.1 at 2009-11-08 21:35:02) [GET]
Rendering welcome/index
Completed in 7ms (View: 6, DB: 0) | 200 OK [http://localhost/]


Processing WelcomeController#index (for 127.0.0.1 at 2009-11-08 21:36:05) [GET]
Rendering welcome/index
Completed in 7ms (View: 6, DB: 0) | 200 OK [http://localhost/]


Processing WelcomeController#index (for 127.0.0.1 at 2009-11-08 21:37:01) [GET]
Rendering welcome/index
Completed in 18ms (View: 16, DB: 0) | 200 OK [http://localhost/]


Processing WelcomeController#index (for 127.0.0.1 at 2009-11-08 21:43:19) [GET]
Rendering welcome/index
Completed in 8ms (View: 6, DB: 0) | 200 OK [http://localhost/]


Processing WelcomeController#index (for 127.0.0.1 at 2009-11-08 21:52:20) [GET]
Rendering welcome/index
Completed in 28ms (View: 26, DB: 0) | 200 OK [http://localhost/]


Processing WelcomeController#index (for 127.0.0.1 at 2009-11-08 21:52:57) [GET]
Rendering welcome/index
Completed in 8ms (View: 6, DB: 0) | 200 OK [http://localhost/]


Processing WelcomeController#index (for 127.0.0.1 at 2009-11-08 21:53:23) [GET]
Rendering welcome/index
Completed in 7ms (View: 6, DB: 0) | 200 OK [http://localhost/]


Processing WelcomeController#index (for 127.0.0.1 at 2009-11-08 21:53:33) [GET]
Rendering welcome/index
Completed in 7ms (View: 6, DB: 0) | 200 OK [http://localhost/]


Processing WelcomeController#index (for 127.0.0.1 at 2009-11-08 21:53:47) [GET]
Rendering welcome/index
Completed in 8ms (View: 6, DB: 0) | 200 OK [http://localhost/]


Processing WelcomeController#index (for 127.0.0.1 at 2009-11-08 21:53:56) [GET]
Rendering welcome/index
Completed in 7ms (View: 6, DB: 0) | 200 OK [http://localhost/]


Processing WelcomeController#index (for 127.0.0.1 at 2009-11-08 21:54:04) [GET]
Rendering welcome/index
Completed in 8ms (View: 7, DB: 0) | 200 OK [http://localhost/]


Processing WelcomeController#index (for 127.0.0.1 at 2009-11-08 21:54:37) [GET]
Rendering welcome/index
Completed in 8ms (View: 6, DB: 0) | 200 OK [http://localhost/]


Processing WelcomeController#index (for 127.0.0.1 at 2009-11-08 21:55:12) [GET]
Rendering welcome/index
Completed in 7ms (View: 6, DB: 0) | 200 OK [http://localhost/]


Processing WelcomeController#index (for 127.0.0.1 at 2009-11-08 21:55:21) [GET]
Rendering welcome/index
Completed in 7ms (View: 6, DB: 0) | 200 OK [http://localhost/]


Processing WelcomeController#index (for 127.0.0.1 at 2009-11-08 21:55:28) [GET]
Rendering welcome/index
Completed in 8ms (View: 6, DB: 0) | 200 OK [http://localhost/]


Processing WelcomeController#index (for 127.0.0.1 at 2009-11-08 21:55:34) [GET]
Rendering welcome/index
Completed in 8ms (View: 7, DB: 0) | 200 OK [http://localhost/]


Processing WelcomeController#index (for 127.0.0.1 at 2009-11-08 21:55:43) [GET]
Rendering welcome/index
Completed in 8ms (View: 6, DB: 0) | 200 OK [http://localhost/]


Processing WelcomeController#index (for 127.0.0.1 at 2009-11-08 21:55:49) [GET]
Rendering welcome/index
Completed in 8ms (View: 6, DB: 0) | 200 OK [http://localhost/]


Processing WelcomeController#index (for 127.0.0.1 at 2009-11-08 21:55:59) [GET]
Rendering welcome/index
Completed in 7ms (View: 6, DB: 0) | 200 OK [http://localhost/]


Processing WelcomeController#index (for 127.0.0.1 at 2009-11-08 21:57:01) [GET]
Rendering welcome/index
Completed in 8ms (View: 6, DB: 0) | 200 OK [http://localhost/]


Processing WelcomeController#index (for 127.0.0.1 at 2009-11-08 22:00:24) [GET]
Rendering welcome/index
Completed in 14ms (View: 12, DB: 0) | 200 OK [http://localhost/]


Processing WelcomeController#index (for 127.0.0.1 at 2009-11-08 22:02:02) [GET]
Rendering welcome/index
Completed in 56ms (View: 54, DB: 0) | 200 OK [http://localhost/]


Processing WelcomeController#index (for 127.0.0.1 at 2009-11-08 22:02:17) [GET]
Rendering welcome/index
Completed in 8ms (View: 6, DB: 0) | 200 OK [http://localhost/]


Processing WelcomeController#index (for 127.0.0.1 at 2009-11-08 22:04:24) [GET]
Rendering welcome/index
Completed in 15ms (View: 14, DB: 0) | 200 OK [http://localhost/]


Processing WelcomeController#index (for 127.0.0.1 at 2009-11-08 22:05:19) [GET]
Rendering welcome/index
Completed in 9ms (View: 6, DB: 0) | 200 OK [http://localhost/]


Processing WelcomeController#index (for 127.0.0.1 at 2009-11-08 22:08:11) [GET]
Rendering welcome/index
Completed in 9ms (View: 7, DB: 0) | 200 OK [http://localhost/]


Processing WelcomeController#index (for 127.0.0.1 at 2009-11-08 22:10:08) [GET]
Rendering welcome/index
Completed in 8ms (View: 7, DB: 0) | 200 OK [http://localhost/]


Processing WelcomeController#index (for 127.0.0.1 at 2009-11-08 22:11:32) [GET]
Rendering welcome/index
Completed in 8ms (View: 7, DB: 0) | 200 OK [http://localhost/]


Processing WelcomeController#index (for 127.0.0.1 at 2009-11-08 22:11:41) [GET]
Rendering welcome/index
Completed in 8ms (View: 6, DB: 0) | 200 OK [http://localhost/]


Processing WelcomeController#index (for 127.0.0.1 at 2009-11-08 22:12:12) [GET]
Rendering welcome/index
Completed in 8ms (View: 6, DB: 0) | 200 OK [http://localhost/]


Processing WelcomeController#index (for 127.0.0.1 at 2009-11-09 22:15:51) [GET]
Rendering welcome/index
Completed in 20ms (View: 18, DB: 0) | 200 OK [http://localhost/]


Processing WelcomeController#index (for 127.0.0.1 at 2009-11-09 22:16:54) [GET]
Rendering welcome/index
Completed in 72ms (View: 17, DB: 0) | 200 OK [http://localhost/]


Processing WelcomeController#index (for 127.0.0.1 at 2009-11-09 22:18:03) [GET]
Rendering welcome/index
Completed in 9ms (View: 7, DB: 0) | 200 OK [http://localhost/]


Processing WelcomeController#index (for 127.0.0.1 at 2009-11-09 22:18:23) [GET]
Rendering welcome/index
Completed in 9ms (View: 7, DB: 0) | 200 OK [http://localhost/]


Processing WelcomeController#index (for 127.0.0.1 at 2009-11-09 22:18:30) [GET]
Rendering welcome/index
Completed in 8ms (View: 7, DB: 0) | 200 OK [http://localhost/]


Processing WelcomeController#index (for 127.0.0.1 at 2009-11-09 22:18:43) [GET]
Rendering welcome/index
Completed in 9ms (View: 8, DB: 0) | 200 OK [http://localhost/]


Processing WelcomeController#index (for 127.0.0.1 at 2009-11-09 22:18:57) [GET]
Rendering welcome/index
Completed in 8ms (View: 7, DB: 0) | 200 OK [http://localhost/]


Processing WelcomeController#index (for 127.0.0.1 at 2009-11-09 22:19:06) [GET]
Rendering welcome/index
Completed in 8ms (View: 7, DB: 0) | 200 OK [http://localhost/]


Processing WelcomeController#index (for 127.0.0.1 at 2009-11-09 22:20:33) [GET]
Rendering welcome/index
Completed in 8ms (View: 7, DB: 0) | 200 OK [http://localhost/]


Processing WelcomeController#index (for 127.0.0.1 at 2009-11-09 22:20:57) [GET]
Rendering welcome/index
Completed in 9ms (View: 6, DB: 0) | 200 OK [http://localhost/]


Processing WelcomeController#index (for 127.0.0.1 at 2009-11-09 22:21:09) [GET]
Rendering welcome/index
Completed in 8ms (View: 7, DB: 0) | 200 OK [http://localhost/]


Processing WelcomeController#index (for 127.0.0.1 at 2009-11-09 22:21:15) [GET]
Rendering welcome/index
Completed in 8ms (View: 6, DB: 0) | 200 OK [http://localhost/]


Processing WelcomeController#index (for 127.0.0.1 at 2009-11-09 22:21:22) [GET]
Rendering welcome/index
Completed in 10ms (View: 7, DB: 0) | 200 OK [http://localhost/]


Processing WelcomeController#index (for 127.0.0.1 at 2009-11-09 22:21:27) [GET]
Rendering welcome/index
Completed in 8ms (View: 7, DB: 0) | 200 OK [http://localhost/]


Processing WelcomeController#index (for 127.0.0.1 at 2009-11-09 22:22:27) [GET]
Rendering welcome/index
Completed in 8ms (View: 7, DB: 0) | 200 OK [http://localhost/]


Processing WelcomeController#index (for 127.0.0.1 at 2009-11-09 22:22:53) [GET]
Rendering welcome/index
Completed in 8ms (View: 7, DB: 0) | 200 OK [http://localhost/]


Processing WelcomeController#index (for 127.0.0.1 at 2009-11-09 22:23:43) [GET]
Rendering welcome/index
Completed in 8ms (View: 7, DB: 0) | 200 OK [http://localhost/]


Processing WelcomeController#index (for 127.0.0.1 at 2009-11-09 22:24:47) [GET]
Rendering welcome/index
Completed in 9ms (View: 7, DB: 0) | 200 OK [http://localhost/]


Processing WelcomeController#index (for 127.0.0.1 at 2009-11-09 22:25:55) [GET]
Rendering welcome/index
Completed in 9ms (View: 7, DB: 0) | 200 OK [http://localhost/]


Processing WelcomeController#index (for 127.0.0.1 at 2009-11-09 22:27:01) [GET]
Rendering welcome/index
Completed in 8ms (View: 7, DB: 0) | 200 OK [http://localhost/]


Processing WelcomeController#index (for 127.0.0.1 at 2009-11-09 22:28:06) [GET]
Rendering welcome/index
Completed in 8ms (View: 7, DB: 0) | 200 OK [http://localhost/]


Processing WelcomeController#index (for 127.0.0.1 at 2009-11-09 22:30:02) [GET]
Rendering welcome/index
Completed in 8ms (View: 7, DB: 0) | 200 OK [http://localhost/]


Processing WelcomeController#index (for 127.0.0.1 at 2009-11-09 22:31:01) [GET]
Rendering welcome/index
Completed in 9ms (View: 6, DB: 0) | 200 OK [http://localhost/]


Processing WelcomeController#index (for 127.0.0.1 at 2009-11-09 22:31:54) [GET]
Rendering welcome/index
Completed in 8ms (View: 6, DB: 0) | 200 OK [http://localhost/]


Processing WelcomeController#index (for 127.0.0.1 at 2009-11-09 22:32:36) [GET]
Rendering welcome/index
Completed in 8ms (View: 7, DB: 0) | 200 OK [http://localhost/]


Processing WelcomeController#index (for 127.0.0.1 at 2009-11-09 22:36:09) [GET]
Rendering welcome/index
Completed in 15ms (View: 14, DB: 0) | 200 OK [http://localhost/]


Processing WelcomeController#index (for 127.0.0.1 at 2009-11-09 22:36:31) [GET]
Rendering welcome/index
Completed in 8ms (View: 6, DB: 0) | 200 OK [http://localhost/]


Processing WelcomeController#index (for 127.0.0.1 at 2009-11-09 22:36:50) [GET]
Rendering welcome/index
Completed in 9ms (View: 7, DB: 0) | 200 OK [http://localhost/]


Processing WelcomeController#index (for 127.0.0.1 at 2009-11-09 22:36:58) [GET]
Rendering welcome/index
Completed in 8ms (View: 7, DB: 0) | 200 OK [http://localhost/]


Processing WelcomeController#index (for 127.0.0.1 at 2009-11-09 22:37:05) [GET]
Rendering welcome/index
Completed in 9ms (View: 7, DB: 0) | 200 OK [http://localhost/]


Processing WelcomeController#index (for 127.0.0.1 at 2009-11-09 22:37:10) [GET]
Rendering welcome/index
Completed in 9ms (View: 7, DB: 0) | 200 OK [http://localhost/]


Processing WelcomeController#index (for 127.0.0.1 at 2009-11-09 22:37:17) [GET]
Rendering welcome/index
Completed in 8ms (View: 7, DB: 0) | 200 OK [http://localhost/]


Processing WelcomeController#index (for 127.0.0.1 at 2009-11-09 22:37:28) [GET]
Rendering welcome/index
Completed in 9ms (View: 8, DB: 0) | 200 OK [http://localhost/]


Processing WelcomeController#index (for 127.0.0.1 at 2009-11-09 22:37:35) [GET]
Rendering welcome/index
Completed in 9ms (View: 8, DB: 0) | 200 OK [http://localhost/]


Processing WelcomeController#index (for 127.0.0.1 at 2009-11-09 22:41:18) [GET]
Rendering welcome/index
Completed in 16ms (View: 14, DB: 0) | 200 OK [http://localhost/]


Processing WelcomeController#index (for 127.0.0.1 at 2009-11-09 22:41:32) [GET]
Rendering welcome/index
Completed in 9ms (View: 8, DB: 0) | 200 OK [http://localhost/]


Processing WelcomeController#index (for 127.0.0.1 at 2009-11-09 22:41:37) [GET]
Rendering welcome/index
Completed in 9ms (View: 8, DB: 0) | 200 OK [http://localhost/]


Processing WelcomeController#index (for 127.0.0.1 at 2009-11-09 22:41:41) [GET]
Rendering welcome/index
Completed in 9ms (View: 8, DB: 0) | 200 OK [http://localhost/]


Processing WelcomeController#index (for 127.0.0.1 at 2009-11-09 22:41:47) [GET]
Rendering welcome/index
Completed in 8ms (View: 7, DB: 0) | 200 OK [http://localhost/]


Processing WelcomeController#index (for 127.0.0.1 at 2009-11-09 22:41:59) [GET]
Rendering welcome/index
Completed in 11ms (View: 9, DB: 0) | 200 OK [http://localhost/]


Processing WelcomeController#index (for 127.0.0.1 at 2009-11-09 22:42:55) [GET]
Rendering welcome/index
Completed in 9ms (View: 7, DB: 0) | 200 OK [http://localhost/]


Processing WelcomeController#index (for 127.0.0.1 at 2009-11-09 22:48:17) [GET]
Rendering welcome/index
Completed in 17ms (View: 15, DB: 0) | 200 OK [http://localhost/]


Processing WelcomeController#index (for 127.0.0.1 at 2009-11-09 22:48:34) [GET]
Rendering welcome/index
Completed in 10ms (View: 8, DB: 0) | 200 OK [http://localhost/]


Processing WelcomeController#index (for 127.0.0.1 at 2009-11-09 22:48:44) [GET]
Rendering welcome/index
Completed in 9ms (View: 7, DB: 0) | 200 OK [http://localhost/]


Processing WelcomeController#index (for 127.0.0.1 at 2009-11-09 22:48:53) [GET]
Rendering welcome/index
Completed in 10ms (View: 7, DB: 0) | 200 OK [http://localhost/]


Processing WelcomeController#index (for 127.0.0.1 at 2009-11-09 22:49:33) [GET]
Rendering welcome/index
Completed in 11ms (View: 9, DB: 0) | 200 OK [http://localhost/]
